Build started 1/18/2015 12:52:37 AM.
     1>Project "C:\Users\Dragonai\Documents\GitHub\GainPlugin\Builds\VisualStudio2010\GainPlugin.vcxproj" on node 2 (build target(s)).
     1>InitializeBuildStatus:
         Touching "Release\GainPlugin.unsuccessfulbuild".
       ClCompile:
         C:\Program Files (x86)\Microsoft Visual Studio 10.0\VC\bin\CL.exe /c /I..\..\JuceLibraryCode /I..\..\..\..\..\..\..\juce\modules /I"C:\SDKs\VST3 SDK" /Zi /nologo /W4 /WX- /MP /O1 /Oy- /GL /D WIN32 /D _WINDOWS /D NDEBUG /D JUCER_VS2010_78A501D=1 /D JUCE_APP_VERSION=1.0.0 /D JUCE_APP_VERSION_HEX=0x10000 /D _WINDLL /Gm- /EHsc /MD /GS /fp:precise /Zc:wchar_t /Zc:forScope /GR /Fo"Release\\" /Fd"Release\\vc100.pdb" /Gd /TP /analyze- /errorReport:prompt ..\..\Source\PluginProcessor.cpp ..\..\Source\PluginEditor.cpp ..\..\..\..\..\..\..\juce\modules\juce_audio_plugin_client\AAX\juce_AAX_Wrapper.cpp ..\..\..\..\..\..\..\juce\modules\juce_audio_basics\juce_audio_basics.cpp ..\..\..\..\..\..\..\juce\modules\juce_audio_devices\juce_audio_devices.cpp ..\..\..\..\..\..\..\juce\modules\juce_audio_formats\juce_audio_formats.cpp ..\..\..\..\..\..\..\juce\modules\juce_audio_processors\juce_audio_processors.cpp ..\..\..\..\..\..\..\juce\modules\juce_core\juce_core.cpp ..\..\..\..\..\..\..\juce\modules\juce_cryptography\juce_cryptography.cpp ..\..\..\..\..\..\..\juce\modules\juce_data_structures\juce_data_structures.cpp ..\..\..\..\..\..\..\juce\modules\juce_events\juce_events.cpp ..\..\..\..\..\..\..\juce\modules\juce_graphics\juce_graphics.cpp ..\..\..\..\..\..\..\juce\modules\juce_gui_basics\juce_gui_basics.cpp ..\..\..\..\..\..\..\juce\modules\juce_gui_extra\juce_gui_extra.cpp ..\..\..\..\..\..\..\juce\modules\juce_opengl\juce_opengl.cpp ..\..\..\..\..\..\..\juce\modules\juce_audio_plugin_client\utility\juce_PluginUtilities.cpp ..\..\..\..\..\..\..\juce\modules\juce_video\juce_video.cpp ..\..\..\..\..\..\..\juce\modules\juce_audio_plugin_client\VST\juce_VST_Wrapper.cpp ..\..\..\..\..\..\..\juce\modules\juce_audio_plugin_client\VST3\juce_VST3_Wrapper.cpp
         PluginProcessor.cpp
         PluginEditor.cpp
         juce_AAX_Wrapper.cpp
         juce_audio_basics.cpp
         juce_audio_devices.cpp
         juce_audio_formats.cpp
         juce_audio_processors.cpp
         juce_core.cpp
         juce_cryptography.cpp
         juce_data_structures.cpp
         juce_events.cpp
     1>..\..\Source\PluginProcessor.cpp(36): warning C4100: 'index' : unreferenced formal parameter
     1>..\..\Source\PluginProcessor.cpp(41): warning C4100: 'newValue' : unreferenced formal parameter
     1>..\..\Source\PluginProcessor.cpp(41): warning C4100: 'index' : unreferenced formal parameter
     1>..\..\Source\PluginProcessor.cpp(45): warning C4100: 'index' : unreferenced formal parameter
     1>..\..\Source\PluginProcessor.cpp(50): warning C4100: 'index' : unreferenced formal parameter
     1>..\..\Source\PluginProcessor.cpp(65): warning C4100: 'index' : unreferenced formal parameter
     1>..\..\Source\PluginProcessor.cpp(70): warning C4100: 'index' : unreferenced formal parameter
     1>..\..\Source\PluginProcessor.cpp(114): warning C4100: 'index' : unreferenced formal parameter
     1>..\..\Source\PluginProcessor.cpp(118): warning C4100: 'index' : unreferenced formal parameter
     1>..\..\Source\PluginProcessor.cpp(123): warning C4100: 'newName' : unreferenced formal parameter
     1>..\..\Source\PluginProcessor.cpp(123): warning C4100: 'index' : unreferenced formal parameter
     1>..\..\Source\PluginProcessor.cpp(128): warning C4100: 'samplesPerBlock' : unreferenced formal parameter
     1>..\..\Source\PluginProcessor.cpp(128): warning C4100: 'sampleRate' : unreferenced formal parameter
     1>..\..\Source\PluginProcessor.cpp(140): warning C4100: 'midiMessages' : unreferenced formal parameter
     1>..\..\Source\PluginProcessor.cpp(166): warning C4100: 'destData' : unreferenced formal parameter
     1>..\..\Source\PluginProcessor.cpp(173): warning C4100: 'sizeInBytes' : unreferenced formal parameter
     1>..\..\Source\PluginProcessor.cpp(173): warning C4100: 'data' : unreferenced formal parameter
         juce_graphics.cpp
         juce_gui_basics.cpp
         juce_gui_extra.cpp
         juce_opengl.cpp
         juce_PluginUtilities.cpp
         juce_video.cpp
         juce_VST_Wrapper.cpp
         juce_VST3_Wrapper.cpp
         C:\Program Files (x86)\Microsoft Visual Studio 10.0\VC\bin\CL.exe /c /I..\..\JuceLibraryCode /I..\..\..\..\..\..\..\juce\modules /I"C:\SDKs\VST3 SDK" /Zi /nologo /W4 /WX- /MP /O1 /Oy- /GL /D WIN32 /D _WINDOWS /D NDEBUG /D JUCER_VS2010_78A501D=1 /D JUCE_APP_VERSION=1.0.0 /D JUCE_APP_VERSION_HEX=0x10000 /D _WINDLL /Gm- /EHsc /MD /GS /fp:precise /Zc:wchar_t /Zc:forScope /GR /Fo"Release\\" /Fd"Release\\vc100.pdb" /Gz /TP /analyze- /errorReport:prompt ..\..\..\..\..\..\..\juce\modules\juce_audio_plugin_client\RTAS\juce_RTAS_DigiCode1.cpp ..\..\..\..\..\..\..\juce\modules\juce_audio_plugin_client\RTAS\juce_RTAS_DigiCode2.cpp ..\..\..\..\..\..\..\juce\modules\juce_audio_plugin_client\RTAS\juce_RTAS_DigiCode3.cpp ..\..\..\..\..\..\..\juce\modules\juce_audio_plugin_client\RTAS\juce_RTAS_WinUtilities.cpp ..\..\..\..\..\..\..\juce\modules\juce_audio_plugin_client\RTAS\juce_RTAS_Wrapper.cpp
         juce_RTAS_DigiCode1.cpp
         juce_RTAS_DigiCode2.cpp
         juce_RTAS_DigiCode3.cpp
         juce_RTAS_WinUtilities.cpp
         juce_RTAS_Wrapper.cpp
       ResourceCompile:
         C:\Program Files (x86)\Microsoft SDKs\Windows\v7.0A\bin\rc.exe /D NDEBUG /l"0x0409" /nologo /fo"Release\resources.res" .\resources.rc 
       Link:
         C:\Program Files (x86)\Microsoft Visual Studio 10.0\VC\bin\link.exe /ERRORREPORT:PROMPT /OUT:".\Release\\GainPlugin.dll" /NOLOGO kernel32.lib user32.lib gdi32.lib winspool.lib comdlg32.lib advapi32.lib shell32.lib ole32.lib oleaut32.lib uuid.lib odbc32.lib odbccp32.lib /MANIFEST /ManifestFile:"Release\GainPlugin.dll.intermediate.manifest" /MANIFESTUAC:"level='asInvoker' uiAccess='false'" /PDB:"Release\\GainPlugin.pdb" /SUBSYSTEM:WINDOWS /LARGEADDRESSAWARE /OPT:REF /OPT:ICF /LTCG /TLBID:1 /DYNAMICBASE /NXCOMPAT /IMPLIB:".\Release\GainPlugin.lib" /MACHINE:X86 /DLL Release\resources.res
         Release\\PluginProcessor.obj
         Release\\PluginEditor.obj
         Release\\juce_AAX_Wrapper.obj
         Release\\juce_audio_basics.obj
         Release\\juce_audio_devices.obj
         Release\\juce_audio_formats.obj
         Release\\juce_audio_processors.obj
         Release\\juce_core.obj
         Release\\juce_cryptography.obj
         Release\\juce_data_structures.obj
         Release\\juce_events.obj
         Release\\juce_graphics.obj
         Release\\juce_gui_basics.obj
         Release\\juce_gui_extra.obj
         Release\\juce_opengl.obj
         Release\\juce_PluginUtilities.obj
         Release\\juce_RTAS_DigiCode1.obj
         Release\\juce_RTAS_DigiCode2.obj
         Release\\juce_RTAS_DigiCode3.obj
         Release\\juce_RTAS_WinUtilities.obj
         Release\\juce_RTAS_Wrapper.obj
         Release\\juce_video.obj
         Release\\juce_VST_Wrapper.obj
         Release\\juce_VST3_Wrapper.obj /FORCE:multiple 
            Creating library .\Release\GainPlugin.lib and object .\Release\GainPlugin.exp
         Generating code
         Finished generating code
         GainPlugin.vcxproj -> C:\Users\Dragonai\Documents\GitHub\GainPlugin\Builds\VisualStudio2010\.\Release\GainPlugin.dll
       Manifest:
         C:\Program Files (x86)\Microsoft SDKs\Windows\v7.0A\bin\mt.exe /nologo /verbose /outputresource:".\Release\\GainPlugin.dll;#2" /manifest Release\GainPlugin.dll.intermediate.manifest
       FinalizeBuildStatus:
         Deleting file "Release\GainPlugin.unsuccessfulbuild".
         Touching "Release\GainPlugin.lastbuildstate".
     1>Done Building Project "C:\Users\Dragonai\Documents\GitHub\GainPlugin\Builds\VisualStudio2010\GainPlugin.vcxproj" (build target(s)).

Build succeeded.

Time Elapsed 00:01:03.05
